1/28/2025, 12:43:19 AM GMT+1 0: 

----------------------------------------------
1/28/2025, 12:43:19 AM GMT+1 1: Discord starting: {"releaseChannel":"stable","version":"0.0.82"}, modulepath: /home/noa/.config/discord/0.0.82/modules
1/28/2025, 12:43:19 AM GMT+1 2: ✅ webContents.created web1 ""
1/28/2025, 12:43:19 AM GMT+1 3: ✅ window.created win1 "discord"
1/28/2025, 12:43:19 AM GMT+1 4: Wrote 278050 byte minidump to /home/noa/.config/discord/0.0.82/modules/crashlogs/1_28_2025__12_43_19_AM_GMT_1-1-minidump.dmp
1/28/2025, 12:43:19 AM GMT+1 5: Sentry report: {"contexts":{"trace":{"trace_id":"42c1ad4effbc42d7957b053629594423","span_id":"931f79a794fbb1b5"},"app":{"app_name":"discord","app_version":"0.0.80","app_start_time":"2025-01-23T17:19:25.752Z"},"os":{"kernel_version":"6.12.10-arch1-1","name":"Arch Linux"},"browser":{"name":"Chrome"},"chrome":{"name":"Chrome","type":"runtime","version":"128.0.6613.186"},"device":{"arch":"x64","family":"Desktop","language":"fr","screen_density":1,"screen_resolution":"1600x900","memory_size":16455925760,"free_memory":11078369280,"processor_count":16,"cpu_description":"13th Gen Intel(R) Core(TM) i7-13620H","processor_frequency":400},"node":{"name":"Node","type":"runtime","version":"20.18.1"},"runtime":{"name":"Electron","version":"32.2.7"}},"environment":"stable","release":"0.0.80","user":{"ip_address":"{{auto}}"},"tags":{"event.origin":"electron","event.environment":"native","event.process":"browser","event_type":"native"},"level":"fatal","platform":"native","breadcrumbs":[{"timestamp":1737652766.025,"category":"console","level":"log","message":"Discord 0.0.80"},{"timestamp":1737652766.094,"category":"electron","message":"app.will-finish-launching","type":"ui"},{"timestamp":1737652766.098,"category":"electron","message":"app.ready","type":"ui"},{"timestamp":1737652766.103,"category":"electron","message":"app.session-created","type":"ui"},{"timestamp":1737652766.108,"category":"console","level":"log","message":"Starting app."},{"timestamp":1737652766.11,"category":"console","level":"log","message":"Starting updater."},{"timestamp":1737652766.121,"category":"console","level":"log","message":"1/23/2025, 6:19:26 PM GMT+1 [Modules] Modules initializing"},{"timestamp":1737652766.121,"category":"console","level":"log","message":"1/23/2025, 6:19:26 PM GMT+1 [Modules] Distribution: remote"},{"timestamp":1737652766.121,"category":"console","level":"log","message":"1/23/2025, 6:19:26 PM GMT+1 [Modules] Host updates: enabled"},{"timestamp":1737652766.121,"category":"console","level":"log","message":"1/23/2025, 6:19:26 PM GMT+1 [Modules] Module updates: enabled"},{"timestamp":1737652766.122,"category":"console","level":"log","message":"1/23/2025, 6:19:26 PM GMT+1 [Modules] Module install path: /home/noa/.config/discord/0.0.80/modules"},{"timestamp":1737652766.122,"category":"console","level":"log","message":"1/23/2025, 6:19:26 PM GMT+1 [Modules] Module installed file path: /home/noa/.config/discord/0.0.80/modules/installed.json"},{"timestamp":1737652766.122,"category":"console","level":"log","message":"1/23/2025, 6:19:26 PM GMT+1 [Modules] Module download path: /home/noa/.config/discord/0.0.80/modules/pending"},{"timestamp":1737652766.123,"category":"console","level":"log","message":"splashScreen.initSplash(false)"},{"timestamp":1737652766.124,"category":"console","level":"log","message":"CDM component API found"},{"timestamp":1737652766.134,"category":"electron","message":"app.web-contents-created","type":"ui"},{"timestamp":1737652766.135,"category":"electron","message":"app.browser-window-created","type":"ui"},{"timestamp":1737652766.196,"category":"console","level":"log","message":"blackbox: 1/23/2025, 6:19:26 PM GMT+1 0 \n\n----------------------------------------------"},{"timestamp":1737652766.199,"category":"console","level":"log","message":"CDM completed with status: cdm-ready-success"},{"timestamp":1737652766.205,"category":"console","level":"log","message":"blackbox: 1/23/2025, 6:19:26 PM GMT+1 1 Discord starting: {\"releaseChannel\":\"stable\",\"version\":\"0.0.80\"}, modulepath: /home/noa/.config/discord/0.0.80/modules"},{"timestamp":1737652766.208,"category":"console","level":"log","message":"blackbox: 1/23/2025, 6:19:26 PM GMT+1 2 ✅ webContents.created web1 \"\""},{"timestamp":1737652766.21,"category":"console","level":"log","message":"blackbox: 1/23/2025, 6:19:26 PM GMT+1 3 ✅ window.created win1 \"discord\""},{"timestamp":1737652766.335,"category":"electron","message":"app.gpu-info-update","type":"ui"},{"timestamp":1737652766.377,"category":"console","level":"log","message":"splashScreen: SPLASH_SCREEN_READY"},{"timestamp":1737652766.379,"category":"console","level":"log","message":"splashScreen.webContentsSend: SPLASH_SCREEN_QUOTE SPLASH_SCREEN_QUOTE [ 'Hold Tight — Loading Discord' ]"},{"timestamp":1737652766.38,"category":"electron","message":"window.show","type":"ui","data":{"id":1,"url":"app:///app_bootstrap/splash/index.html"}},{"timestamp":1737652766.38,"category":"console","level":"log","message":"1/23/2025, 6:19:26 PM GMT+1 [Modules] No updates to install"},{"timestamp":1737652766.381,"category":"console","level":"log","message":"splashScreen: no-pending-updates"},{"timestamp":1737652766.381,"category":"console","level":"log","message":"1/23/2025, 6:19:26 PM GMT+1 [Modules] Checking for host updates."},{"timestamp":1737652766.382,"category":"console","level":"log","message":"splashScreen: checking-for-updates"},{"timestamp":1737652766.382,"category":"console","level":"log","message":"splashScreen.updateSplashState checking-for-updates checking-for-updates {}"},{"timestamp":1737652766.382,"category":"console","level":"log","message":"splashScreen.webContentsSend: SPLASH_UPDATE_STATE SPLASH_UPDATE_STATE [ { status: 'checking-for-updates' } ]"},{"timestamp":1737652766.385,"category":"electron","message":"renderer.dom-ready","type":"ui","data":{"id":1,"url":"app:///app_bootstrap/splash/index.html"}},{"timestamp":1737652766.456,"category":"console","level":"log","message":"blackbox: 1/23/2025, 6:19:26 PM GMT+1 4 ✅ webContents.did-finish-load web1"},{"timestamp":1737652766.624,"type":"http","category":"electron.net","data":{"url":"https://discord.com/api/updates/stable?platform=linux&version=0.0.80","method":"GET","status_code":200}},{"timestamp":1737652766.63,"category":"console","level":"log","message":"[Updates] You are out of date!"},{"timestamp":1737652766.631,"category":"console","level":"log","message":"1/23/2025, 6:19:26 PM GMT+1 [Modules] Host update is available. Manual update required!"},{"timestamp":1737652766.632,"category":"console","level":"log","message":"splashScreen: update-manually 0.0.81"},{"timestamp":1737652766.632,"category":"console","level":"log","message":"splashScreen.updateSplashState update-manually update-manually { newVersion: '0.0.81' }"},{"timestamp":1737652766.633,"category":"console","level":"log","message":"splashScreen.webContentsSend: SPLASH_UPDATE_STATE SPLASH_UPDATE_STATE [ { status: 'update-manually', newVersion: '0.0.81' } ]"},{"timestamp":1737652766.634,"category":"console","level":"log","message":"splashScreen: update-check-finished true 1 true"},{"timestamp":1738021397.028,"category":"console","level":"log","message":"Discord 0.0.82"},{"timestamp":1738021398.91,"category":"electron","message":"app.will-finish-launching","type":"ui"},{"timestamp":1738021398.915,"category":"electron","message":"app.ready","type":"ui"},{"timestamp":1738021398.921,"category":"electron","message":"app.session-created","type":"ui"},{"timestamp":1738021398.922,"category":"console","level":"log","message":"Starting app."},{"timestamp":1738021398.923,"category":"console","level":"log","message":"Removing old directory  0.0.80"},{"timestamp":1738021398.932,"category":"console","level":"log","message":"Starting updater."},{"timestamp":1738021398.942,"category":"console","level":"log","message":"1/28/2025, 12:43:18 AM GMT+1 [Modules] Modules initializing"},{"timestamp":1738021398.943,"category":"console","level":"log","message":"1/28/2025, 12:43:18 AM GMT+1 [Modules] Distribution: remote"},{"timestamp":1738021398.943,"category":"console","level":"log","message":"1/28/2025, 12:43:18 AM GMT+1 [Modules] Host updates: enabled"},{"timestamp":1738021398.943,"category":"console","level":"log","message":"1/28/2025, 12:43:18 AM GMT+1 [Modules] Module updates: enabled"},{"timestamp":1738021398.944,"category":"console","level":"log","message":"1/28/2025, 12:43:18 AM GMT+1 [Modules] Module install path: /home/noa/.config/discord/0.0.82/modules"},{"timestamp":1738021398.944,"category":"console","level":"log","message":"1/28/2025, 12:43:18 AM GMT+1 [Modules] Module installed file path: /home/noa/.config/discord/0.0.82/modules/installed.json"},{"timestamp":1738021398.944,"category":"console","level":"log","message":"1/28/2025, 12:43:18 AM GMT+1 [Modules] Module download path: /home/noa/.config/discord/0.0.82/modules/pending"},{"timestamp":1738021398.946,"category":"console","level":"log","message":"splashScreen.initSplash(false)"},{"timestamp":1738021398.946,"category":"console","level":"log","message":"CDM component API found"},{"timestamp":1738021398.955,"category":"electron","message":"app.web-contents-created","type":"ui"},{"timestamp":1738021398.955,"category":"electron","message":"app.browser-window-created","type":"ui"},{"timestamp":1738021399.01,"category":"console","level":"log","message":"CDM completed with status: cdm-ready-success"},{"timestamp":1738021399.011,"category":"console","level":"log","message":"blackbox: 1/28/2025, 12:43:19 AM GMT+1 0 \n\n----------------------------------------------"},{"timestamp":1738021399.018,"category":"console","level":"log","message":"blackbox: 1/28/2025, 12:43:19 AM GMT+1 1 Discord starting: {\"releaseChannel\":\"stable\",\"version\":\"0.0.82\"}, modulepath: /home/noa/.config/discord/0.0.82/modules"},{"timestamp":1738021399.022,"category":"console","level":"log","message":"blackbox: 1/28/2025, 12:43:19 AM GMT+1 2 ✅ webContents.created web1 \"\""}],"event_id":"abb6561fac3d4591ad309d023349f340","timestamp":1738021399.024,"sdk":{"integrations":["SentryMinidump","ElectronBreadcrumbs","Net","MainContext","ChildProcess","OnUncaughtException","PreloadInjection","AdditionalContext","Screenshots","RendererProfiling","InboundFilters","FunctionToString","LinkedErrors","RequestData","Console","Http","Undici","OnUnhandledRejection","ContextLines","LocalVariables","Modules"],"name":"sentry.javascript.electron","version":"4.24.0","packages":[{"name":"npm:@sentry/electron","version":"4.24.0"}]},"modules":{"mkdirp":"1.0.4","yauzl":"2.10.0","fd-slicer":"1.1.0","pend":"1.2.0","buffer-crc32":"0.2.13","rimraf":"2.7.1","glob":"7.1.7","fs.realpath":"1.0.0","minimatch":"3.1.2","brace-expansion":"1.1.11","concat-map":"0.0.1","balanced-match":"1.0.2","inherits":"2.0.4","path-is-absolute":"1.0.1","inflight":"1.0.6","wrappy":"1.0.2","once":"1.4.0","request":"2.88.0","extend":"3.0.2","tough-cookie":"2.4.3","psl":"1.8.0","json-stringify-safe":"5.0.1","safe-buffer":"5.2.1","aws-sign2":"0.7.0","aws4":"1.11.0","http-signature":"1.2.0","assert-plus":"1.0.0","sshpk":"1.16.1","safer-buffer":"2.1.2","asn1":"0.2.4","ecc-jsbn":"0.1.2","jsbn":"0.1.1","tweetnacl":"0.14.5","jsprim":"1.4.1","extsprintf":"1.3.0","verror":"1.10.0","core-util-is":"1.0.2","json-schema":"0.2.3","mime-types":"2.1.32","mime-db":"1.49.0","caseless":"0.12.0","forever-agent":"0.6.1","combined-stream":"1.0.8","delayed-stream":"1.0.0","asynckit":"0.4.0","isstream":"0.1.2","is-typedarray":"1.0.0","qs":"6.5.3","har-validator":"5.1.5","ajv":"6.12.6","uri-js":"4.4.1","fast-deep-equal":"3.1.3","json-schema-traverse":"0.4.1","fast-json-stable-stringify":"2.1.0","har-schema":"2.0.0","uuid":"3.4.0","oauth-sign":"0.9.0","tunnel-agent":"0.6.0","performance-now":"2.1.0","arch":"2.2.0","tslib":"2.6.3","localforage":"1.10.0","deepmerge":"4.3.0","electron-log":"5.2.0"},"extra":{"release_channel":"stable","sentry":{"environment":"stable","release":"0.0.82"},"wm":"Hyprland,unknown"}}
1/28/2025, 12:43:19 AM GMT+1 6: ✅ webContents.did-finish-load web1
1/28/2025, 12:43:40 AM GMT+1 7: ✅ webContents.created web2 ""
1/28/2025, 12:43:40 AM GMT+1 8: ✅ window.created win2 "Discord"
1/28/2025, 12:43:45 AM GMT+1 9: ✅ webContents.did-finish-load web2
1/28/2025, 12:43:45 AM GMT+1 10: window.close win1
1/28/2025, 12:43:46 AM GMT+1 11: webContents.destroyed web1
1/28/2025, 12:43:46 AM GMT+1 12: window.closed win1
1/28/2025, 12:43:57 AM GMT+1 13: window.close win2
1/28/2025, 12:43:57 AM GMT+1 14: before-quit
1/28/2025, 12:43:57 AM GMT+1 15: window.close win2
1/28/2025, 12:43:57 AM GMT+1 16: webContents.destroyed web2
1/31/2025, 7:57:57 PM GMT+1 0: 

----------------------------------------------
1/31/2025, 7:57:57 PM GMT+1 1: Discord starting: {"releaseChannel":"stable","version":"0.0.82"}, modulepath: /home/noa/.config/discord/0.0.82/modules
1/31/2025, 7:57:57 PM GMT+1 2: ✅ webContents.created web1 ""
1/31/2025, 7:57:57 PM GMT+1 3: ✅ window.created win1 "discord"
1/31/2025, 7:57:57 PM GMT+1 4: ✅ webContents.did-finish-load web1
1/31/2025, 7:57:57 PM GMT+1 5: ✅ webContents.created web2 ""
1/31/2025, 7:57:57 PM GMT+1 6: ✅ window.created win2 "Discord"
1/31/2025, 7:58:01 PM GMT+1 7: ✅ webContents.did-finish-load web2
1/31/2025, 7:58:01 PM GMT+1 8: window.close win1
1/31/2025, 7:58:01 PM GMT+1 9: webContents.destroyed web1
1/31/2025, 7:58:01 PM GMT+1 10: window.closed win1
1/31/2025, 7:58:23 PM GMT+1 11: window.close win2
1/31/2025, 7:58:23 PM GMT+1 12: before-quit
1/31/2025, 7:58:23 PM GMT+1 13: window.close win2
1/31/2025, 7:58:23 PM GMT+1 14: webContents.destroyed web2
1/31/2025, 7:58:28 PM GMT+1 0: 

----------------------------------------------
1/31/2025, 7:58:28 PM GMT+1 1: Discord starting: {"releaseChannel":"stable","version":"0.0.82"}, modulepath: /home/noa/.config/discord/0.0.82/modules
1/31/2025, 7:58:28 PM GMT+1 2: ✅ webContents.created web1 "index.html"
1/31/2025, 7:58:28 PM GMT+1 3: ✅ window.created win1 "discord"
1/31/2025, 7:58:28 PM GMT+1 4: ✅ webContents.did-finish-load web1
1/31/2025, 7:58:29 PM GMT+1 5: ✅ webContents.created web2 ""
1/31/2025, 7:58:29 PM GMT+1 6: ✅ window.created win2 "Discord"
1/31/2025, 7:58:31 PM GMT+1 7: ✅ webContents.did-finish-load web2
1/31/2025, 7:58:32 PM GMT+1 8: window.close win1
1/31/2025, 7:58:32 PM GMT+1 9: webContents.destroyed web1
1/31/2025, 7:58:32 PM GMT+1 10: window.closed win1
1/31/2025, 7:58:34 PM GMT+1 11: window.close win2
1/31/2025, 7:58:34 PM GMT+1 12: before-quit
1/31/2025, 7:58:34 PM GMT+1 13: window.close win2
1/31/2025, 7:58:34 PM GMT+1 14: webContents.destroyed web2
