00:00:00.581851 VirtualBox GUI VM Selector Window 7.1.6 r167084 linux.amd64 (Jan 27 2025 07:52:25) release log
00:00:00.581905 Log opened 2025-01-31T19:16:04.476455000Z
00:00:00.581909 Build Type: release
00:00:00.581916 OS Product: Linux
00:00:00.581920 OS Release: 6.12.10-arch1-1
00:00:00.581924 OS Version: #1 SMP PREEMPT_DYNAMIC Sat, 18 Jan 2025 02:26:57 +0000
00:00:00.582003 DMI Product Name: Pulse 15 B13VGK
00:00:00.582031 DMI Product Version: REV:1.0
00:00:00.582043 Firmware type: UEFI
00:00:00.582557 Secure Boot: Disabled
00:00:00.582663 Host RAM: 15693MB (15.3GB) total, 12259MB (11.9GB) available
00:00:00.582673 Executable: /usr/lib/virtualbox/VirtualBox
00:00:00.582675 Process ID: 16187
00:00:00.582677 Package type: LINUX_64BITS_GENERIC (OSE)
00:00:00.582757 Qt version: 6.8.1
00:00:00.585255 GUI: UIMediumEnumerator: Initial medium-enumeration finished!
00:00:00.619899 GUI: UIMediumEnumerator: Medium-enumeration started...
00:00:00.972725 GUI: UIMediumEnumerator: Medium-enumeration finished!
00:00:04.768299 GUI: UIInvisibleWindow::sltFallback: Move event missing. Screen: 0, work area: 1279x719 x 800x800
00:00:04.768371 GUI: UIDesktopWidgetWatchdog::sltHandleHostScreenAvailableGeometryCalculated: Screen 0 work area is actually resized to: 1279x719 x 800x800
00:10:04.595697 GUI: UICommon: Handling aboutToQuit request..
00:10:05.362458 GUI: UICommon: aboutToQuit request handled!
